0 info it worked if it ends with ok
1 verbose cli [ '/usr/local/Cellar/node/6.2.2/bin/node',
1 verbose cli   '/usr/local/bin/npm',
1 verbose cli   'run',
1 verbose cli   'prerelease' ]
2 info using npm@3.10.2
3 info using node@v6.2.2
4 verbose run-script [ 'prerelease' ]
5 info lifecycle promiredis@0.0.1~prerelease: promiredis@0.0.1
6 verbose lifecycle promiredis@0.0.1~prerelease: unsafe-perm in lifecycle true
7 verbose lifecycle promiredis@0.0.1~prerelease: PATH: /usr/local/lib/node_modules/npm/bin/node-gyp-bin:/Users/sam/Projects/esayemm/promiredis/node_modules/.bin:/usr/local/Cellar/node/6.2.2/bin:/Users/sam/Library/Android/sdk/tools:/Users/sam/Library/Android/sdk/platform-tools:/usr/local/bin:/usr/bin:/bin:/usr/sbin:/sbin:/opt/X11/bin:/Users/sam/Library/Android/sdk/tools:/Users/sam/Library/Android/sdk/platform-tools:/Users/sam/opt/terraform:/Users/sam/opt/packer:/Users/sam/opt/kubectl:/Users/sam/go/bin:/usr/local/opt/go/libexec/bin:/Users/sam/opt/terraform:/Users/sam/opt/packer:/Users/sam/opt/kubectl:/Users/sam/go/bin:/usr/local/opt/go/libexec/bin
8 verbose lifecycle promiredis@0.0.1~prerelease: CWD: /Users/sam/Projects/esayemm/promiredis
9 silly lifecycle promiredis@0.0.1~prerelease: Args: [ '-c', 'rm -rf lib && babel src --out-dir lib' ]
10 silly lifecycle promiredis@0.0.1~prerelease: Returned: code: 1  signal: null
11 info lifecycle promiredis@0.0.1~prerelease: Failed to exec prerelease script
12 verbose stack Error: promiredis@0.0.1 prerelease: `rm -rf lib && babel src --out-dir lib`
12 verbose stack Exit status 1
12 verbose stack     at EventEmitter.<anonymous> (/usr/local/lib/node_modules/npm/lib/utils/lifecycle.js:242:16)
12 verbose stack     at emitTwo (events.js:106:13)
12 verbose stack     at EventEmitter.emit (events.js:191:7)
12 verbose stack     at ChildProcess.<anonymous> (/usr/local/lib/node_modules/npm/lib/utils/spawn.js:40:14)
12 verbose stack     at emitTwo (events.js:106:13)
12 verbose stack     at ChildProcess.emit (events.js:191:7)
12 verbose stack     at maybeClose (internal/child_process.js:852:16)
12 verbose stack     at Process.ChildProcess._handle.onexit (internal/child_process.js:215:5)
13 verbose pkgid promiredis@0.0.1
14 verbose cwd /Users/sam/Projects/esayemm/promiredis/src
15 error Darwin 15.5.0
16 error argv "/usr/local/Cellar/node/6.2.2/bin/node" "/usr/local/bin/npm" "run" "prerelease"
17 error node v6.2.2
18 error npm  v3.10.2
19 error code ELIFECYCLE
20 error promiredis@0.0.1 prerelease: `rm -rf lib && babel src --out-dir lib`
20 error Exit status 1
21 error Failed at the promiredis@0.0.1 prerelease script 'rm -rf lib && babel src --out-dir lib'.
21 error Make sure you have the latest version of node.js and npm installed.
21 error If you do, this is most likely a problem with the promiredis package,
21 error not with npm itself.
21 error Tell the author that this fails on your system:
21 error     rm -rf lib && babel src --out-dir lib
21 error You can get information on how to open an issue for this project with:
21 error     npm bugs promiredis
21 error Or if that isn't available, you can get their info via:
21 error     npm owner ls promiredis
21 error There is likely additional logging output above.
22 verbose exit [ 1, true ]
